<?xml version="1.0" encoding="UTF-8"?>
<testng-results ignored="0" total="1" passed="1" failed="0" skipped="0">
  <reporter-output>
  </reporter-output>
  <suite started-at="2023-10-20T09:22:17 IST" name="Default suite" finished-at="2023-10-20T09:22:40 IST" duration-ms="23690">
    <groups>
    </groups>
    <test started-at="2023-10-20T09:22:17 IST" name="Default test" finished-at="2023-10-20T09:22:40 IST" duration-ms="23690">
      <class name="product_Module.ToCreateAProductTest">
        <test-method is-config="true" signature="bsConfig()[pri:0, instance:product_Module.ToCreateAProductTest@117159c0]" started-at="2023-10-20T09:22:16 IST" name="bsConfig" finished-at="2023-10-20T09:22:17 IST" duration-ms="432" status="PASS">
          <reporter-output>
          </reporter-output>
        </test-method> <!-- bsConfig -->
        <test-method is-config="true" signature="bcConfig()[pri:0, instance:product_Module.ToCreateAProductTest@117159c0]" started-at="2023-10-20T09:22:17 IST" name="bcConfig" finished-at="2023-10-20T09:22:20 IST" duration-ms="3078" status="PASS">
          <reporter-output>
          </reporter-output>
        </test-method> <!-- bcConfig -->
        <test-method is-config="true" signature="bmConfig()[pri:0, instance:product_Module.ToCreateAProductTest@117159c0]" started-at="2023-10-20T09:22:20 IST" name="bmConfig" finished-at="2023-10-20T09:22:22 IST" duration-ms="2602" status="PASS">
          <reporter-output>
          </reporter-output>
        </test-method> <!-- bmConfig -->
        <test-method signature="toCreateAProductWithVendorInformationTest()[pri:0, instance:product_Module.ToCreateAProductTest@117159c0]" started-at="2023-10-20T09:22:22 IST" name="toCreateAProductWithVendorInformationTest" finished-at="2023-10-20T09:22:39 IST" duration-ms="16424" status="PASS">
          <reporter-output>
          </reporter-output>
        </test-method> <!-- toCreateAProductWithVendorInformationTest -->
        <test-method is-config="true" signature="amConfig()[pri:0, instance:product_Module.ToCreateAProductTest@117159c0]" started-at="2023-10-20T09:22:39 IST" name="amConfig" finished-at="2023-10-20T09:22:40 IST" duration-ms="1201" status="PASS">
          <reporter-output>
          </reporter-output>
        </test-method> <!-- amConfig -->
        <test-method is-config="true" signature="acConfig()[pri:0, instance:product_Module.ToCreateAProductTest@117159c0]" started-at="2023-10-20T09:22:40 IST" name="acConfig" finished-at="2023-10-20T09:22:40 IST" duration-ms="329" status="PASS">
          <reporter-output>
          </reporter-output>
        </test-method> <!-- acConfig -->
        <test-method is-config="true" signature="asConfig()[pri:0, instance:product_Module.ToCreateAProductTest@117159c0]" started-at="2023-10-20T09:22:40 IST" name="asConfig" finished-at="2023-10-20T09:22:40 IST" duration-ms="1" status="PASS">
          <reporter-output>
          </reporter-output>
        </test-method> <!-- asConfig -->
      </class> <!-- product_Module.ToCreateAProductTest -->
    </test> <!-- Default test -->
  </suite> <!-- Default suite -->
</testng-results>
